<?xml version="1.0" encoding="UTF-8"?>
<testng-results skipped="0" failed="0" total="1" passed="1">
  <reporter-output>
  </reporter-output>
  <suite name="Default suite" duration-ms="7249" started-at="2018-09-25T03:14:27Z" finished-at="2018-09-25T03:14:34Z">
    <groups>
    </groups>
    <test name="Default test" duration-ms="7249" started-at="2018-09-25T03:14:27Z" finished-at="2018-09-25T03:14:34Z">
      <class name="net.bill99.httpClient.HttpClientDemo">
        <test-method status="PASS" signature="test1()[pri:0, instance:net.bill99.httpClient.HttpClientDemo@3882764b]" name="test1" duration-ms="7239" started-at="2018-09-25T11:14:27Z" finished-at="2018-09-25T11:14:34Z">
          <reporter-output>
          </reporter-output>
        </test-method> <!-- test1 -->
      </class> <!-- net.bill99.httpClient.HttpClientDemo -->
    </test> <!-- Default test -->
  </suite> <!-- Default suite -->
</testng-results>
